<?xml version="1.0" encoding="UTF-8"?>
<!-- Generated by org.testng.reporters.JUnitReportReporter -->
<testsuite hostname="DESKTOP-EB5LMEM" failures="0" tests="1" name="TestNGpackage.class2" time="7.589" errors="0" timestamp="2023-01-20T16:23:31 IST" skipped="0">
  <testcase classname="TestNGpackage.class2" name="selnium" time="7.589"/>
  <system-out>
    <![CDATA[method of class 2]]>
  </system-out>
</testsuite> <!-- TestNGpackage.class2 -->
