<?xml version="1.0" encoding="UTF-8"?>
<!-- Generated by org.testng.reporters.JUnitReportReporter -->
<testsuite hostname="DESKTOP-EB5LMEM" failures="0" tests="1" name="TestNGpackage.first_test" time="0.003" errors="0" timestamp="2023-01-24T23:06:34 IST" skipped="0">
  <testcase classname="TestNGpackage.first_test" name="Registration" time="0.003"/>
  <system-out/>
</testsuite> <!-- TestNGpackage.first_test -->
